<?xml version="1.0" encoding="UTF-8"?>
<!-- Generated by org.testng.reporters.JUnitXMLReporter -->
<testsuite ignored="0" hostname="DESKTOP-4LTNLGB" failures="0" tests="4" name="Default test" time="17.739" errors="0" timestamp="2025-08-21T16:09:37 IST">
  <testcase classname="com.ecommerce.register.EcommerceTest" name="registerApp" time="3.69"/>
  <testcase classname="com.ecommerce.register.EcommerceTest" name="navigateToProductlist" time="2.212"/>
  <testcase classname="com.ecommerce.register.EcommerceTest" name="addToCart" time="2.506"/>
  <testcase classname="com.ecommerce.register.EcommerceTest" name="checkOut" time="1.746"/>
</testsuite> <!-- Default test -->
