<?xml version="1.0" encoding="UTF-8"?>
<!-- Generated by org.testng.reporters.JUnitXMLReporter -->
<testsuite ignored="0" hostname="DESKTOP-4LTNLGB" failures="0" tests="6" name="Default test" time="31.12" errors="0" timestamp="2025-08-23T11:57:45 IST">
  <testcase classname="com.ecommerce.EcommerceTest" name="registerApp" time="2.296"/>
  <testcase classname="com.ecommerce.EcommerceTest" name="loginToApp" time="1.223"/>
  <testcase classname="com.ecommerce.EcommerceTest" name="navigateToProductlist" time="1.871"/>
  <testcase classname="com.ecommerce.EcommerceTest" name="addToCart" time="2.397"/>
  <testcase classname="com.ecommerce.EcommerceTest" name="checkOut" time="13.302"/>
  <testcase classname="com.ecommerce.EcommerceTest" name="logoutApp" time="0.983"/>
</testsuite> <!-- Default test -->
