<?xml version="1.0" encoding="UTF-8"?>
<testng-results ignored="0" total="6" passed="6" failed="0" skipped="0">
  <reporter-output>
  </reporter-output>
  <suite started-at="2025-08-23T14:30:52 IST" name="Default suite" finished-at="2025-08-23T14:31:18 IST" duration-ms="26679">
    <groups>
    </groups>
    <test started-at="2025-08-23T14:30:52 IST" name="Default test" finished-at="2025-08-23T14:31:18 IST" duration-ms="26679">
      <class name="com.ecommerce.EcommerceTest">
        <test-method is-config="true" signature="launchBrowser()[pri:0, instance:com.ecommerce.EcommerceTest@4116aac9]" started-at="2025-08-23T14:30:52 IST" name="launchBrowser" finished-at="2025-08-23T14:30:55 IST" duration-ms="3504" status="PASS">
          <reporter-output>
          </reporter-output>
        </test-method> <!-- launchBrowser -->
        <test-method signature="registerApp()[pri:0, instance:com.ecommerce.EcommerceTest@4116aac9]" started-at="2025-08-23T14:30:55 IST" name="registerApp" finished-at="2025-08-23T14:30:57 IST" duration-ms="2260" status="PASS">
          <reporter-output>
          </reporter-output>
        </test-method> <!-- registerApp -->
        <test-method signature="loginToApp()[pri:0, instance:com.ecommerce.EcommerceTest@4116aac9]" started-at="2025-08-23T14:30:57 IST" name="loginToApp" finished-at="2025-08-23T14:30:59 IST" depends-on-methods="com.ecommerce.EcommerceTest.registerApp" duration-ms="1153" status="PASS">
          <reporter-output>
          </reporter-output>
        </test-method> <!-- loginToApp -->
        <test-method signature="navigateToProductlist()[pri:0, instance:com.ecommerce.EcommerceTest@4116aac9]" started-at="2025-08-23T14:30:59 IST" name="navigateToProductlist" finished-at="2025-08-23T14:31:00 IST" depends-on-methods="com.ecommerce.EcommerceTest.loginToApp" duration-ms="1702" status="PASS">
          <reporter-output>
          </reporter-output>
        </test-method> <!-- navigateToProductlist -->
        <test-method signature="addToCart()[pri:0, instance:com.ecommerce.EcommerceTest@4116aac9]" started-at="2025-08-23T14:31:00 IST" name="addToCart" finished-at="2025-08-23T14:31:03 IST" depends-on-methods="com.ecommerce.EcommerceTest.navigateToProductlist" duration-ms="2312" status="PASS">
          <reporter-output>
          </reporter-output>
        </test-method> <!-- addToCart -->
        <test-method signature="checkOut()[pri:0, instance:com.ecommerce.EcommerceTest@4116aac9]" started-at="2025-08-23T14:31:03 IST" name="checkOut" finished-at="2025-08-23T14:31:15 IST" depends-on-methods="com.ecommerce.EcommerceTest.addToCart" duration-ms="12733" status="PASS">
          <reporter-output>
          </reporter-output>
        </test-method> <!-- checkOut -->
        <test-method signature="logoutApp()[pri:0, instance:com.ecommerce.EcommerceTest@4116aac9]" started-at="2025-08-23T14:31:15 IST" name="logoutApp" finished-at="2025-08-23T14:31:16 IST" depends-on-methods="com.ecommerce.EcommerceTest.checkOut" duration-ms="798" status="PASS">
          <reporter-output>
          </reporter-output>
        </test-method> <!-- logoutApp -->
        <test-method is-config="true" signature="closeBrowser()[pri:0, instance:com.ecommerce.EcommerceTest@4116aac9]" started-at="2025-08-23T14:31:16 IST" name="closeBrowser" finished-at="2025-08-23T14:31:18 IST" duration-ms="2182" status="PASS">
          <reporter-output>
          </reporter-output>
        </test-method> <!-- closeBrowser -->
      </class> <!-- com.ecommerce.EcommerceTest -->
    </test> <!-- Default test -->
  </suite> <!-- Default suite -->
</testng-results>
